<?xml version="1.0" encoding="UTF-8"?>
<testsuite xmlns:xsi="http://www.w3.org/2001/XMLSchema-instance" xsi:noNamespaceSchemaLocation="https://maven.apache.org/surefire/maven-surefire-plugin/xsd/surefire-test-report-3.0.xsd" version="3.0" name="com.itheima.test.DemoTest" time="0.032" tests="3" errors="0" skipped="0" failures="0">
  <properties>
    <property name="java.specification.version" value="17"/>
    <property name="sun.cpu.isalist" value="amd64"/>
    <property name="sun.jnu.encoding" value="GBK"/>
    <property name="java.class.path" value="D:\Project\IntelliJ\itheima_web_project\maven-project01\target\test-classes;D:\Project\IntelliJ\itheima_web_project\maven-project01\target\classes;D:\tools\Maven\apache-maven-3.9.6\mvn-repo\ch\qos\logback\logback-classic\1.2.3\logback-classic-1.2.3.jar;D:\tools\Maven\apache-maven-3.9.6\mvn-repo\ch\qos\logback\logback-core\1.2.3\logback-core-1.2.3.jar;D:\tools\Maven\apache-maven-3.9.6\mvn-repo\org\slf4j\slf4j-api\1.7.25\slf4j-api-1.7.25.jar;D:\tools\Maven\apache-maven-3.9.6\mvn-repo\junit\junit\4.12\junit-4.12.jar;D:\tools\Maven\apache-maven-3.9.6\mvn-repo\org\hamcrest\hamcrest-core\1.3\hamcrest-core-1.3.jar;"/>
    <property name="java.vm.vendor" value="Oracle Corporation"/>
    <property name="sun.arch.data.model" value="64"/>
    <property name="user.variant" value=""/>
    <property name="java.vendor.url" value="https://java.oracle.com/"/>
    <property name="user.timezone" value="Asia/Shanghai"/>
    <property name="os.name" value="Windows 11"/>
    <property name="java.vm.specification.version" value="17"/>
    <property name="sun.java.launcher" value="SUN_STANDARD"/>
    <property name="user.country" value="CN"/>
    <property name="sun.boot.library.path" value="D:\tools\jdk-17.0.10\bin"/>
    <property name="sun.java.command" value="C:\Users\10763\AppData\Local\Temp\surefire9082470754429432019\surefirebooter-20240304110539612_3.jar C:\Users\10763\AppData\Local\Temp\surefire9082470754429432019 2024-03-04T11-05-37_258-jvmRun1 surefire-20240304110539612_1tmp surefire_0-20240304110539612_2tmp"/>
    <property name="jdk.debug" value="release"/>
    <property name="surefire.test.class.path" value="D:\Project\IntelliJ\itheima_web_project\maven-project01\target\test-classes;D:\Project\IntelliJ\itheima_web_project\maven-project01\target\classes;D:\tools\Maven\apache-maven-3.9.6\mvn-repo\ch\qos\logback\logback-classic\1.2.3\logback-classic-1.2.3.jar;D:\tools\Maven\apache-maven-3.9.6\mvn-repo\ch\qos\logback\logback-core\1.2.3\logback-core-1.2.3.jar;D:\tools\Maven\apache-maven-3.9.6\mvn-repo\org\slf4j\slf4j-api\1.7.25\slf4j-api-1.7.25.jar;D:\tools\Maven\apache-maven-3.9.6\mvn-repo\junit\junit\4.12\junit-4.12.jar;D:\tools\Maven\apache-maven-3.9.6\mvn-repo\org\hamcrest\hamcrest-core\1.3\hamcrest-core-1.3.jar;"/>
    <property name="sun.cpu.endian" value="little"/>
    <property name="user.home" value="C:\Users\10763"/>
    <property name="user.language" value="zh"/>
    <property name="java.specification.vendor" value="Oracle Corporation"/>
    <property name="java.version.date" value="2024-01-16"/>
    <property name="java.home" value="D:\tools\jdk-17.0.10"/>
    <property name="file.separator" value="\"/>
    <property name="basedir" value="D:\Project\IntelliJ\itheima_web_project\maven-project01"/>
    <property name="java.vm.compressedOopsMode" value="Zero based"/>
    <property name="line.separator" value="&#10;"/>
    <property name="java.vm.specification.vendor" value="Oracle Corporation"/>
    <property name="java.specification.name" value="Java Platform API Specification"/>
    <property name="surefire.real.class.path" value="C:\Users\10763\AppData\Local\Temp\surefire9082470754429432019\surefirebooter-20240304110539612_3.jar"/>
    <property name="user.script" value=""/>
    <property name="sun.management.compiler" value="HotSpot 64-Bit Tiered Compilers"/>
    <property name="java.runtime.version" value="17.0.10+11-LTS-240"/>
    <property name="user.name" value="10763"/>
    <property name="path.separator" value=";"/>
    <property name="os.version" value="10.0"/>
    <property name="java.runtime.name" value="Java(TM) SE Runtime Environment"/>
    <property name="file.encoding" value="GBK"/>
    <property name="java.vm.name" value="Java HotSpot(TM) 64-Bit Server VM"/>
    <property name="localRepository" value="D:\tools\Maven\apache-maven-3.9.6\mvn-repo"/>
    <property name="java.vendor.url.bug" value="https://bugreport.java.com/bugreport/"/>
    <property name="java.io.tmpdir" value="C:\Users\10763\AppData\Local\Temp\"/>
    <property name="idea.version" value="2023.3.4"/>
    <property name="java.version" value="17.0.10"/>
    <property name="user.dir" value="D:\Project\IntelliJ\itheima_web_project\maven-project01"/>
    <property name="os.arch" value="amd64"/>
    <property name="java.vm.specification.name" value="Java Virtual Machine Specification"/>
    <property name="sun.os.patch.level" value=""/>
    <property name="native.encoding" value="GBK"/>
    <property name="java.library.path" value="D:\tools\jdk-17.0.10\bin;C:\Windows\Sun\Java\bin;C:\Windows\system32;C:\Windows;C:\Program Files\NVIDIA GPU Computing Toolkit\CUDA\v12.3\bin;C:\Program Files\NVIDIA GPU Computing Toolkit\CUDA\v12.3\libnvvp;D:\Program Files (x86)\VMware\VMware Workstation\bin\;C:\Windows\system32;C:\Windows;C:\Windows\System32\Wbem;C:\Windows\System32\WindowsPowerShell\v1.0\;C:\Windows\System32\OpenSSH\;C:\Program Files (x86)\NVIDIA Corporation\PhysX\Common;C:\Program Files\NVIDIA Corporation\NVIDIA NvDLISR;D:\Program Files (x86)\nodejs\;D:\Program Files\MATLAB\MATLAB Runtime\R2023a\runtime\win64;C:\Program Files\NVIDIA Corporation\Nsight Compute 2023.3.1\;D:\tools\Maven\apache-maven-3.9.6\bin;D:\tools\jdk-17.0.10\bin;C:\Users\10763\AppData\Local\Microsoft\WindowsApps;D:\Program Files (x86)\Bandizip\;D:\Program Files (x86)\Microsoft VS Code\bin;C:\Users\10763\AppData\Roaming\npm;;D:\Program Files\JetBrains\IntelliJ IDEA Community Edition 2023.3.4\bin;;."/>
    <property name="java.vm.info" value="mixed mode, sharing"/>
    <property name="java.vendor" value="Oracle Corporation"/>
    <property name="java.vm.version" value="17.0.10+11-LTS-240"/>
    <property name="sun.io.unicode.encoding" value="UnicodeLittle"/>
    <property name="java.class.version" value="61.0"/>
  </properties>
  <testcase name="test1" classname="com.itheima.test.DemoTest" time="0.003">
    <system-out><![CDATA[hello Test1
]]></system-out>
  </testcase>
  <testcase name="test2" classname="com.itheima.test.DemoTest" time="0.0">
    <system-out><![CDATA[hello Test2
]]></system-out>
  </testcase>
  <testcase name="test3" classname="com.itheima.test.DemoTest" time="0.002">
    <system-out><![CDATA[hello Test3
]]></system-out>
  </testcase>
</testsuite>